[2015-11-13 02:25:49] START
[2015-11-13 02:30:21] EDIT OCJ/ABOUT: -1
[2015-11-13 02:42:30] CREATE WelcomePage.py: 0
[2015-11-13 02:43:24] EDIT OCJ/controllers/WelcomePage.py: 1
[2015-11-13 02:47:29] EDIT OCJ/controllers/WelcomePage.py: 0
[2015-11-13 02:50:15] EDIT OCJ/controllers/WelcomePage.py: 0
[2015-11-13 02:50:55] EDIT OCJ/controllers/WelcomePage.py: 1
[2015-11-13 02:51:12] EDIT OCJ/controllers/WelcomePage.py: 0
[2015-11-13 02:51:24] EDIT OCJ/controllers/WelcomePage.py: 0
[2015-11-13 02:55:05] EDIT OCJ/controllers/WelcomePage.py: 0
[2015-11-13 02:56:38] EDIT OCJ/controllers/WelcomePage.py: 0
[2015-11-13 02:57:11] EDIT OCJ/controllers/WelcomePage.py: 0
[2015-11-13 02:57:23] EDIT OCJ/controllers/WelcomePage.py: 0
[2015-11-13 02:57:33] EDIT OCJ/controllers/WelcomePage.py: 0
[2015-11-13 02:58:40] EDIT OCJ/controllers/WelcomePage.py: 1
[2015-11-13 03:10:29] DELETE OCJ/controllers/WelcomePage.py: -4
[2015-11-13 03:11:10] EDIT OCJ/controllers/default.py: -7
[2015-11-13 03:12:35] EDIT OCJ/views/default/index.html: -47
[2015-11-13 03:13:03] EDIT OCJ/views/default/index.html: 2
[2015-11-13 03:13:05] EDIT OCJ/views/default/index.html: 0
[2015-11-13 03:13:22] EDIT OCJ/views/default/index.html: 0
[2015-11-13 03:16:06] EDIT OCJ/controllers/default.py: 1
[2015-11-13 03:16:23] EDIT OCJ/controllers/default.py: 0
[2015-11-13 03:16:45] EDIT OCJ/controllers/default.py: 0
[2015-11-13 03:25:15] EDIT OCJ/views/default/index.html: -1
[2015-11-13 03:26:43] EDIT OCJ/views/default/index.html: 9
[2015-11-13 03:27:28] EDIT OCJ/views/default/index.html: -8
[2015-11-13 03:30:27] EDIT OCJ/controllers/default.py: 1
[2015-11-13 12:32:04] EDIT OCJ/controllers/default.py: 0
[2015-11-13 22:51:20] EDIT OCJ/controllers/default.py: 0
[2015-11-13 22:52:58] EDIT OCJ/controllers/default.py: -1
[2015-11-14 02:10:16] EDIT OCJ/controllers/default.py: -1
[2015-11-14 02:13:38] EDIT OCJ/controllers/default.py: 0
[2015-11-14 03:22:31] CREATE user_db.py: 0
[2015-11-14 03:32:20] EDIT OCJ/models/user_db.py: 7
[2015-11-14 03:33:16] EDIT OCJ/models/user_db.py: 0
[2015-11-14 03:41:47] EDIT OCJ/models/db.py: 3
[2015-11-14 03:47:15] EDIT OCJ/models/db.py: -2
[2015-11-14 03:55:45] EDIT OCJ/private/appconfig.ini: 0
[2015-11-14 03:56:47] CREATE ocj_user_login.py: 0
[2015-11-14 03:57:52] EDIT OCJ/controllers/ocj_user_login.py: 2
[2015-11-14 03:58:23] EDIT OCJ/controllers/ocj_user_login.py: 0
[2015-11-14 04:00:35] EDIT OCJ/views/default/index.html: 0
[2015-11-14 04:00:53] DELETE OCJ/controllers/ocj_user_login.py: -3
[2015-11-14 04:01:07] EDIT OCJ/controllers/default.py: 1
[2015-11-14 04:01:13] EDIT OCJ/views/default/index.html: 0
[2015-11-14 04:02:05] EDIT OCJ/views/default/index.html: 1
[2015-11-14 04:18:35] EDIT OCJ/models/db.py: 0
[2015-11-14 04:18:42] EDIT OCJ/models/db.py: 0
[2015-11-14 04:19:33] EDIT OCJ/models/db.py: 0
